TN:
SF:src/services/recommendationsService.ts
FN:7,insert
FN:17,upvote
FN:23,downvote
FN:36,getByIdOrFail
FN:43,get
FN:47,getTop
FN:51,getRandom
FN:64,getByScore
FN:77,getScoreFilter
FNF:9
FNH:0
FNDA:0,insert
FNDA:0,upvote
FNDA:0,downvote
FNDA:0,getByIdOrFail
FNDA:0,get
FNDA:0,getTop
FNDA:0,getRandom
FNDA:0,getByScore
FNDA:0,getScoreFilter
DA:8,0
DA:11,0
DA:12,0
DA:14,0
DA:18,0
DA:20,0
DA:24,0
DA:26,0
DA:31,0
DA:32,0
DA:37,0
DA:38,0
DA:40,0
DA:44,0
DA:48,0
DA:52,0
DA:53,0
DA:55,0
DA:56,0
DA:57,0
DA:60,0
DA:61,0
DA:65,0
DA:70,0
DA:71,0
DA:74,0
DA:78,0
DA:79,0
DA:82,0
DA:85,1
LF:30
LH:1
BRDA:11,0,0,0
BRDA:31,1,0,0
BRDA:38,2,0,0
BRDA:56,3,0,0
BRDA:70,4,0,0
BRDA:78,5,0,0
BRF:6
BRH:0
end_of_record
